[debug] [2022-02-01T17:31:27.918Z] ----------------------------------------------------------------------
[debug] [2022-02-01T17:31:27.921Z] Command:       /usr/local/bin/node /usr/local/bin/firebase deploy
[debug] [2022-02-01T17:31:27.922Z] CLI Version:   10.1.3
[debug] [2022-02-01T17:31:27.923Z] Platform:      darwin
[debug] [2022-02-01T17:31:27.923Z] Node Version:  v16.13.0
[debug] [2022-02-01T17:31:27.924Z] Time:          Tue Feb 01 2022 23:01:27 GMT+0530 (India Standard Time)
[debug] [2022-02-01T17:31:27.924Z] ----------------------------------------------------------------------
[debug] 
[debug] [2022-02-01T17:31:28.035Z] > command requires scopes: ["email","openid","https://www.googleapis.com/auth/cloudplatformprojects.readonly","https://www.googleapis.com/auth/firebase","https://www.googleapis.com/auth/cloud-platform"]
[debug] [2022-02-01T17:31:28.036Z] > authorizing via signed-in user (mgmnawas@gmail.com)
[debug] [2022-02-01T17:31:28.036Z] [iam] checking project portfolio-website-164e1 for permissions ["firebase.projects.get","firebasehosting.sites.update"]
[debug] [2022-02-01T17:31:28.040Z] >>> [apiv2][query] POST https://cloudresourcemanager.googleapis.com/v1/projects/portfolio-website-164e1:testIamPermissions [none]
[debug] [2022-02-01T17:31:28.040Z] >>> [apiv2][body] POST https://cloudresourcemanager.googleapis.com/v1/projects/portfolio-website-164e1:testIamPermissions {"permissions":["firebase.projects.get","firebasehosting.sites.update"]}
[debug] [2022-02-01T17:31:31.054Z] <<< [apiv2][status] POST https://cloudresourcemanager.googleapis.com/v1/projects/portfolio-website-164e1:testIamPermissions 200
[debug] [2022-02-01T17:31:31.054Z] <<< [apiv2][body] POST https://cloudresourcemanager.googleapis.com/v1/projects/portfolio-website-164e1:testIamPermissions {"permissions":["firebase.projects.get","firebasehosting.sites.update"]}
[debug] [2022-02-01T17:31:31.056Z] >>> [apiv2][query] GET https://firebase.googleapis.com/v1beta1/projects/portfolio-website-164e1 [none]
[debug] [2022-02-01T17:31:31.822Z] <<< [apiv2][status] GET https://firebase.googleapis.com/v1beta1/projects/portfolio-website-164e1 200
[debug] [2022-02-01T17:31:31.823Z] <<< [apiv2][body] GET https://firebase.googleapis.com/v1beta1/projects/portfolio-website-164e1 {"projectId":"portfolio-website-164e1","projectNumber":"193067766998","displayName":"Portfolio Website","name":"projects/portfolio-website-164e1","resources":{"hostingSite":"portfolio-website-164e1"},"state":"ACTIVE"}
[info] 
[info] === Deploying to 'portfolio-website-164e1'...
[info] 
[info] i  deploying hosting 
[debug] [2022-02-01T17:31:31.831Z] > refreshing access token with scopes: ["email","https://www.googleapis.com/auth/cloud-platform","https://www.googleapis.com/auth/cloudplatformprojects.readonly","https://www.googleapis.com/auth/firebase","openid"]
[debug] [2022-02-01T17:31:31.832Z] >>> HTTP REQUEST POST https://www.googleapis.com/oauth2/v3/token  
 <request body omitted>
[debug] [2022-02-01T17:31:32.223Z] <<< HTTP RESPONSE 200 {"expires":"Mon, 01 Jan 1990 00:00:00 GMT","pragma":"no-cache","cache-control":"no-cache, no-store, max-age=0, must-revalidate","date":"Tue, 01 Feb 2022 17:31:32 GMT","content-type":"application/json; charset=utf-8","vary":"X-Origin, Referer, Origin,Accept-Encoding","server":"scaffolding on HTTPServer2","x-xss-protection":"0","x-frame-options":"SAMEORIGIN","x-content-type-options":"nosniff","alt-svc":"h3=\":443\"; ma=2592000,h3-29=\":443\"; ma=2592000,h3-Q050=\":443\"; ma=2592000,h3-Q046=\":443\"; ma=2592000,h3-Q043=\":443\"; ma=2592000,quic=\":443\"; ma=2592000; v=\"46,43\"","accept-ranges":"none","transfer-encoding":"chunked"}
[debug] [2022-02-01T17:31:32.397Z] >>> HTTP REQUEST POST https://firebasehosting.googleapis.com/v1beta1/sites/portfolio-website-164e1/versions  
 {"config":{"rewrites":[{"glob":"**","path":"/index.html"}]},"labels":{"deployment-tool":"cli-firebase"}}
[debug] [2022-02-01T17:31:34.456Z] <<< HTTP RESPONSE 200 {"content-type":"application/json; charset=UTF-8","vary":"X-Origin, Referer, Origin,Accept-Encoding","date":"Tue, 01 Feb 2022 17:31:34 GMT","server":"ESF","cache-control":"private","x-xss-protection":"0","x-frame-options":"SAMEORIGIN","x-content-type-options":"nosniff","alt-svc":"h3=\":443\"; ma=2592000,h3-29=\":443\"; ma=2592000,h3-Q050=\":443\"; ma=2592000,h3-Q046=\":443\"; ma=2592000,h3-Q043=\":443\"; ma=2592000,quic=\":443\"; ma=2592000; v=\"46,43\"","accept-ranges":"none","transfer-encoding":"chunked"}
[info] i  hosting[portfolio-website-164e1]: beginning deploy... 
[info] i  hosting[portfolio-website-164e1]: found 44 files in build 
[debug] [2022-02-01T17:31:34.482Z] > refreshing access token with scopes: []
[debug] [2022-02-01T17:31:34.483Z] >>> HTTP REQUEST POST https://www.googleapis.com/oauth2/v3/token  
 <request body omitted>
[debug] [2022-02-01T17:31:34.484Z] [hosting] hash cache [YnVpbGQ] stored for 44 files
[debug] [2022-02-01T17:31:34.485Z] [hosting][hash queue][FINAL] {"max":3,"min":1,"avg":1,"active":0,"complete":44,"success":44,"errored":0,"retried":0,"total":44,"elapsed":7}
[debug] [2022-02-01T17:31:34.827Z] <<< HTTP RESPONSE 200 {"date":"Tue, 01 Feb 2022 17:31:34 GMT","expires":"Mon, 01 Jan 1990 00:00:00 GMT","cache-control":"no-cache, no-store, max-age=0, must-revalidate","pragma":"no-cache","content-type":"application/json; charset=utf-8","vary":"X-Origin, Referer, Origin,Accept-Encoding","server":"scaffolding on HTTPServer2","x-xss-protection":"0","x-frame-options":"SAMEORIGIN","x-content-type-options":"nosniff","alt-svc":"h3=\":443\"; ma=2592000,h3-29=\":443\"; ma=2592000,h3-Q050=\":443\"; ma=2592000,h3-Q046=\":443\"; ma=2592000,h3-Q043=\":443\"; ma=2592000,quic=\":443\"; ma=2592000; v=\"46,43\"","accept-ranges":"none","transfer-encoding":"chunked"}
[debug] [2022-02-01T17:31:34.987Z] >>> [apiv2][query] POST https://firebasehosting.googleapis.com/v1beta1/sites/portfolio-website-164e1/versions/51af8604ae8ccdb9:populateFiles [none]
[debug] [2022-02-01T17:31:34.987Z] >>> [apiv2][body] POST https://firebasehosting.googleapis.com/v1beta1/sites/portfolio-website-164e1/versions/51af8604ae8ccdb9:populateFiles {"files":{"/asset-manifest.json":"23f19b51ac055b0cbe293859affef0ba5a568edd03e4592c917c2384a2583f86","/favicon.ico":"b72f7455f00e4e58792d2bca892abb068e2213838c0316d6b7a0d6d16acd1955","/index.html":"af84e6951bc975b254d4712e7c15e1613246a9376c2d7c266065b80ca1119b83","/images/App-Promo.mp4":"b735f580acdff21faa8bc5e02b845e15c13b04ba646c28c116b8d8bd12887d4a","/images/Backpacks.png":"887bcbd412a1c231c085fcc398ebdf9a64012bc2aa5a0a1d9ab63fa939c400e2","/images/Cart.png":"720346934e5c1bb78a5edb3359787cd0d0ff7f0789d9b548e9de62bb7cf85e06","/images/Cart1.png":"af1c5fe8a48428ca52a13b4209388b57f91d2d2dfd742715ef9826362b566cb0","/images/Cart2.png":"4d4f6e92189a0382d9dd66bd91ad4c87487e9f1fc97b995e2f131f4944870d79","/images/Demo.mov":"eac08c9391c874170224d2fbe7ae570931542a4a480b443fc5684600330e93d0","/images/Detail.png":"afaef0d70f5c1e793603b36b3415a254f8a54eea4931e2f8421dcadb0851c30b","/images/Fitness.png":"d1d90ce841d9db510925b226805ac72b79186055770d2d5123cbb08ddb711dee","/images/Gym.png":"c87245c13a98b53ab92e76f93a6a035ea25f4b699f501b3b0fe70bd70481f6b1","/images/Product.png":"94afb0cdde1367d89566a05b51a9445932235f6a1bb87a38d36c7a7ceb0f6e21","/images/Products.png":"e4c8298ed9e87d69b7cbec5fa993b4d738997b526bf4eb75367cb722eddbbab2","/images/Profile.png":"050611e4995365fa933632873fcc24973c77d9623931ccc76ae145679c7fd0b6","/images/React-Store.mp4":"2ee8d879c91ad7fd1959295ecd288f8e4c879107a61a8738eac79a06085c3200","/images/Shoes.png":"5a38e82843463bf59dfe95e3db9dc749219139536760d9bfc2ad1844ee2b68bc","/images/Shopping.png":"bf90848d7454dc3c89f013e5e185d044b7c1e1870a1a3ba55d89a973e8cd54c8","/images/Sneakers.png":"870dbfa379254eff19208d227546fa33ba36455e0076e8fc48372a74966e43bc","/images/Social-App-Promo.mp4":"54b0c9a676de8813c8ddb344a1d098cefaf14d414a608145a93dad4b48fbcb5c","/images/home-image.png":"d85239da66b31217702f86bb7772d6fbb62b6c77bce8e5fd9973b2a8507180fd","/images/image_author.png":"ae837dbd0061e88369341e671d2792135e1aa13692f1961344012610ca3d212e","/images/logo.png":"cc5948dad8d800361841300958c10efe303b513cbb19fde05aa1b342839e25b2","/images/p3m0.png":"31c18bb0833f42687dc325f5eb4181504d18cd5a3153bc84a2c2f6b6046e70f7","/images/p3m1.png":"343901df062ba1345c966db45ea701830825a11ce0ded830bf2b656e060053e9","/images/p3m10.png":"3d014f5a89ee8172509179e78ab5a85f5295858ffc470fbd72f7f3b41ca5a793","/images/p3m11.png":"eca0fdacb8b976aa51162f01ea487928e039b430dab6c6e8699facf9d7ff9260","/images/p3m12.png":"cc8c6265dc82b6ace928524e63c8ee6f9298c1e0d019f3346034524d2b922def","/images/p3m13.png":"be11ecc4010f01aad9a5fd839f289eb4bc3cd1963e642f75462ef78ffe4df341","/images/p3m14.png":"ad1b339aa0377314c4c60b0e35418210db4501576767ad5d8fad810f14f0c6d9","/images/p3m15.png":"a204663038489b754026eb7189cef0b6b1bbd55c9b66d454a9cf6ed0e387f08d","/images/p3m2.png":"5e42e860ff0a177d5aa77d36888da20f8d58e2dc209dd58a18ee287373f50964","/images/p3m3.png":"7ef7b55d8d5ffc25b8d6c54c8c9b88a445715ab76576ad0d594506249df10993","/images/p3m4.png":"5e52ed0d198795db3777fbb174be47be37de37ea3f44b656eecf9f0efeda3142","/images/p3m5.png":"67388d6c1787c1244c5ec083395b5b6781709d3911495be68dc7da7ccc24b5a3","/images/p3m6.png":"e4e372e841ff0e30c92e067aa0d02731d3e6d628335fe47f38f54b6f83273158","/images/p3m7.png":"c1419d5eda275d325d55113442edbaf1b3856b1644fa2f3ce9acb488b6f7f223","/images/p3m8.png":"f7e6fede0641eaea0aabd0b60d784301ca64e1284e540b290e3d10ed43c5fb13","/images/p3m9.png":"d9c4a784c1a25892a2a7442bb63a31f1b236fa30277bd0f97b9f847cf300fe7b","/static/css/main.68afb4f5.css":"21a1f2272b9edeb5c257c4339bf8a5e41514132c93d3c1d1c319d3ce58242b34","/static/css/main.68afb4f5.css.map":"38e450edafd67fb08e9f9fc8b544d6ec8d07ba545c5d79c941d86b43a43b3273","/static/js/main.b688a92d.js":"8a4dd373251c8961185ab2eead6539bdcb6c8980ef674241d14e76393f7c2f2d","/static/js/main.b688a92d.js.LICENSE.txt":"d4fc19896bf4a20a638e0d0f08456884cad2cdd299cec2396fcb4e6e1823bde3","/static/js/main.b688a92d.js.map":"1326fb0d2a266500db8c808605c78b7546350ea8842d74e75ada7a4749ce1c41"}}
[debug] [2022-02-01T17:31:37.058Z] <<< [apiv2][status] POST https://firebasehosting.googleapis.com/v1beta1/sites/portfolio-website-164e1/versions/51af8604ae8ccdb9:populateFiles 200
[debug] [2022-02-01T17:31:37.058Z] <<< [apiv2][body] POST https://firebasehosting.googleapis.com/v1beta1/sites/portfolio-website-164e1/versions/51af8604ae8ccdb9:populateFiles {"uploadRequiredHashes":["eac08c9391c874170224d2fbe7ae570931542a4a480b443fc5684600330e93d0","54b0c9a676de8813c8ddb344a1d098cefaf14d414a608145a93dad4b48fbcb5c","2ee8d879c91ad7fd1959295ecd288f8e4c879107a61a8738eac79a06085c3200","b735f580acdff21faa8bc5e02b845e15c13b04ba646c28c116b8d8bd12887d4a"],"uploadUrl":"https://upload-firebasehosting.googleapis.com/upload/sites/portfolio-website-164e1/versions/51af8604ae8ccdb9/files"}
[debug] [2022-02-01T17:31:37.061Z] >>> [apiv2][query] POST https://upload-firebasehosting.googleapis.com/upload/sites/portfolio-website-164e1/versions/51af8604ae8ccdb9/files/eac08c9391c874170224d2fbe7ae570931542a4a480b443fc5684600330e93d0 [none]
[debug] [2022-02-01T17:31:37.062Z] >>> [apiv2][body] POST https://upload-firebasehosting.googleapis.com/upload/sites/portfolio-website-164e1/versions/51af8604ae8ccdb9/files/eac08c9391c874170224d2fbe7ae570931542a4a480b443fc5684600330e93d0 [stream]
[debug] [2022-02-01T17:31:37.064Z] >>> [apiv2][query] POST https://upload-firebasehosting.googleapis.com/upload/sites/portfolio-website-164e1/versions/51af8604ae8ccdb9/files/54b0c9a676de8813c8ddb344a1d098cefaf14d414a608145a93dad4b48fbcb5c [none]
[debug] [2022-02-01T17:31:37.064Z] >>> [apiv2][body] POST https://upload-firebasehosting.googleapis.com/upload/sites/portfolio-website-164e1/versions/51af8604ae8ccdb9/files/54b0c9a676de8813c8ddb344a1d098cefaf14d414a608145a93dad4b48fbcb5c [stream]
[debug] [2022-02-01T17:31:37.066Z] >>> [apiv2][query] POST https://upload-firebasehosting.googleapis.com/upload/sites/portfolio-website-164e1/versions/51af8604ae8ccdb9/files/2ee8d879c91ad7fd1959295ecd288f8e4c879107a61a8738eac79a06085c3200 [none]
[debug] [2022-02-01T17:31:37.066Z] >>> [apiv2][body] POST https://upload-firebasehosting.googleapis.com/upload/sites/portfolio-website-164e1/versions/51af8604ae8ccdb9/files/2ee8d879c91ad7fd1959295ecd288f8e4c879107a61a8738eac79a06085c3200 [stream]
[debug] [2022-02-01T17:31:37.067Z] >>> [apiv2][query] POST https://upload-firebasehosting.googleapis.com/upload/sites/portfolio-website-164e1/versions/51af8604ae8ccdb9/files/b735f580acdff21faa8bc5e02b845e15c13b04ba646c28c116b8d8bd12887d4a [none]
[debug] [2022-02-01T17:31:37.068Z] >>> [apiv2][body] POST https://upload-firebasehosting.googleapis.com/upload/sites/portfolio-website-164e1/versions/51af8604ae8ccdb9/files/b735f580acdff21faa8bc5e02b845e15c13b04ba646c28c116b8d8bd12887d4a [stream]
[debug] [2022-02-01T17:31:37.069Z] [hosting][populate queue][FINAL] {"max":2579,"min":2579,"avg":2579,"active":0,"complete":1,"success":1,"errored":0,"retried":0,"total":1,"elapsed":2587}
[debug] [2022-02-01T17:31:37.069Z] [hosting] uploads queued: 4
[debug] [2022-02-01T17:32:33.429Z] [uploadQueue] Retrying task 2ee8d879c91ad7fd1959295ecd288f8e4c879107a61a8738eac79a06085c3200
[debug] [2022-02-01T17:32:33.430Z] >>> [apiv2][query] POST https://upload-firebasehosting.googleapis.com/upload/sites/portfolio-website-164e1/versions/51af8604ae8ccdb9/files/2ee8d879c91ad7fd1959295ecd288f8e4c879107a61a8738eac79a06085c3200 [none]
[debug] [2022-02-01T17:32:33.430Z] >>> [apiv2][body] POST https://upload-firebasehosting.googleapis.com/upload/sites/portfolio-website-164e1/versions/51af8604ae8ccdb9/files/2ee8d879c91ad7fd1959295ecd288f8e4c879107a61a8738eac79a06085c3200 [stream]
